Using pre-set license
Built from '2020.3/staging' branch; Version is '2020.3.26f1 (7298b473bc1a) revision 7510196'; Using compiler version '192528614'; Build Type 'Release'
OS: 'Windows 10  (10.0.19041) 64bit Core' Language: 'es' Physical Memory: 32702 MB
BatchMode: 1, IsHumanControllingUs: 0, StartBugReporterOnCrash: 0, Is64bit: 1, IsPro: 0

COMMAND LINE ARGUMENTS:
C:\Program Files\Unity\Hub\Editor\2020.3.26f1\Editor\Unity.exe
-adb2
-batchMode
-noUpm
-name
AssetImportWorker0
-projectPath
C:/Users/unais/TFG_version2/TFG
-logFile
Logs/AssetImportWorker0.log
-srvPort
61132
Successfully changed project path to: C:/Users/unais/TFG_version2/TFG
C:/Users/unais/TFG_version2/TFG
Using Asset Import Pipeline V2.
Refreshing native plugins compatible for Editor in 36.81 ms, found 3 plugins.
Preloading 0 native plugins for Editor in 0.00 ms.
Initialize engine version: 2020.3.26f1 (7298b473bc1a)
[Subsystems] Discovering subsystems at path C:/Program Files/Unity/Hub/Editor/2020.3.26f1/Editor/Data/Resources/UnitySubsystems
[Subsystems] Discovering subsystems at path C:/Users/unais/TFG_version2/TFG/Assets
GfxDevice: creating device client; threaded=0
Direct3D:
    Version:  Direct3D 11.0 [level 11.1]
    Renderer: NVIDIA GeForce RTX 2060 (ID=0x1e89)
    Vendor:   
    VRAM:     5968 MB
    Driver:   30.0.15.1215
Initialize mono
Mono path[0] = 'C:/Program Files/Unity/Hub/Editor/2020.3.26f1/Editor/Data/Managed'
Mono path[1] = 'C:/Program Files/Unity/Hub/Editor/2020.3.26f1/Editor/Data/MonoBleedingEdge/lib/mono/unityjit'
Mono config path = 'C:/Program Files/Unity/Hub/Editor/2020.3.26f1/Editor/Data/MonoBleedingEdge/etc'
Using monoOptions --debugger-agent=transport=dt_socket,embedding=1,server=y,suspend=n,address=127.0.0.1:56280
Begin MonoManager ReloadAssembly
Registering precompiled unity dll's ...
Register platform support module: C:/Program Files/Unity/Hub/Editor/2020.3.26f1/Editor/Data/PlaybackEngines/WindowsStandaloneSupport/UnityEditor.WindowsStandalone.Extensions.dll
Register platform support module: C:/Program Files/Unity/Hub/Editor/2020.3.26f1/Editor/Data/PlaybackEngines/LinuxStandaloneSupport/UnityEditor.LinuxStandalone.Extensions.dll
Registered in 0.126898 seconds.
Native extension for LinuxStandalone target not found
Native extension for WindowsStandalone target not found
Refreshing native plugins compatible for Editor in 31.48 ms, found 3 plugins.
Preloading 0 native plugins for Editor in 0.00 ms.
Mono: successfully reloaded assembly
- Completed reload, in  3.017 seconds
Domain Reload Profiling:
	ReloadAssembly (3017ms)
		BeginReloadAssembly (2026ms)
			ExecutionOrderSort (0ms)
			DisableScriptedObjects (0ms)
			BackupInstance (0ms)
			ReleaseScriptingObjects (0ms)
			CreateAndSetChildDomain (1ms)
		EndReloadAssembly (720ms)
			LoadAssemblies (2031ms)
			RebuildTransferFunctionScriptingTraits (0ms)
			SetupTypeCache (358ms)
			ReleaseScriptCaches (0ms)
			RebuildScriptCaches (25ms)
			SetupLoadedEditorAssemblies (239ms)
				LogAssemblyErrors (0ms)
				InitializePlatformSupportModulesInManaged (5ms)
				SetLoadedEditorAssemblies (0ms)
				RefreshPlugins (32ms)
				BeforeProcessingInitializeOnLoad (107ms)
				ProcessInitializeOnLoadAttributes (70ms)
				ProcessInitializeOnLoadMethodAttributes (26ms)
				AfterProcessingInitializeOnLoad (0ms)
				EditorAssembliesLoaded (0ms)
			ExecutionOrderSort2 (0ms)
			AwakeInstancesAfterBackupRestoration (0ms)
Platform modules already initialized, skipping
Registering precompiled user dll's ...
Registered in 0.699471 seconds.
Begin MonoManager ReloadAssembly
Native extension for LinuxStandalone target not found
Native extension for WindowsStandalone target not found
Refreshing native plugins compatible for Editor in 31.65 ms, found 3 plugins.
Preloading 0 native plugins for Editor in 0.00 ms.
Mono: successfully reloaded assembly
- Completed reload, in  5.686 seconds
Domain Reload Profiling:
	ReloadAssembly (5689ms)
		BeginReloadAssembly (114ms)
			ExecutionOrderSort (0ms)
			DisableScriptedObjects (4ms)
			BackupInstance (0ms)
			ReleaseScriptingObjects (0ms)
			CreateAndSetChildDomain (14ms)
		EndReloadAssembly (5523ms)
			LoadAssemblies (1779ms)
			RebuildTransferFunctionScriptingTraits (0ms)
			SetupTypeCache (894ms)
			ReleaseScriptCaches (0ms)
			RebuildScriptCaches (35ms)
			SetupLoadedEditorAssemblies (2712ms)
				LogAssemblyErrors (0ms)
				InitializePlatformSupportModulesInManaged (4ms)
				SetLoadedEditorAssemblies (0ms)
				RefreshPlugins (32ms)
				BeforeProcessingInitializeOnLoad (66ms)
				ProcessInitializeOnLoadAttributes (2009ms)
				ProcessInitializeOnLoadMethodAttributes (595ms)
				AfterProcessingInitializeOnLoad (6ms)
				EditorAssembliesLoaded (0ms)
			ExecutionOrderSort2 (0ms)
			AwakeInstancesAfterBackupRestoration (5ms)
Platform modules already initialized, skipping
========================================================================
Worker process is ready to serve import requests
Launched and connected shader compiler UnityShaderCompiler.exe after 0.11 seconds
Refreshing native plugins compatible for Editor in 0.38 ms, found 3 plugins.
Preloading 0 native plugins for Editor in 0.00 ms.
Unloading 2003 Unused Serialized files (Serialized files now loaded: 0)
System memory in use before: 91.4 MB.
System memory in use after: 91.5 MB.

Unloading 33 unused Assets to reduce memory usage. Loaded Objects now: 2422.
Total: 2.653500 ms (FindLiveObjects: 0.117900 ms CreateObjectMapping: 0.051700 ms MarkObjects: 2.435100 ms  DeleteObjects: 0.048000 ms)

AssetImportParameters requested are different than current active one (requested -> active):
  custom:framework-win-MediaFoundation: 216162199b28c13a410421893ffa2e32 -> 
  custom:video-decoder-ogg-theora: a1e56fd34408186e4bbccfd4996cb3dc -> 
  custom:container-muxer-webm: aa71ff27fc2769a1b78a27578f13a17b -> 
  custom:container-demuxer-webm: 4f35f7cbe854078d1ac9338744f61a02 -> 
  custom:container-demuxer-ogg: 62fdf1f143b41e24485cea50d1cbac27 -> 
  custom:video-encoder-webm-vp8: eb34c28f22e8b96e1ab97ce403110664 -> 
  custom:video-decoder-webm-vp8: 9c59270c3fd7afecdb556c50c9e8de78 -> 
  custom:audio-decoder-ogg-vorbis: bf7c407c2cedff20999df2af8eb42d56 -> 
  custom:audio-encoder-webm-vorbis: bf7c407c2cedff20999df2af8eb42d56 -> 
========================================================================
Received Import Request.
  path: Assets/Prefab.prefab
  artifactKey: Guid(ae6fe2f1c1dfe754dbb9303620828d57) Importer(815301076,1909f56bfc062723c751e8b465ee728b)
Start importing Assets/Prefab.prefab using Guid(ae6fe2f1c1dfe754dbb9303620828d57) Importer(815301076,1909f56bfc062723c751e8b465ee728b)  -> (artifact id: '77c32025120da6a545ba56dd0a5c0687') in 0.121023 seconds 
  Import took 0.123436 seconds .

========================================================================
Received Import Request.
  Time since last request: 20.070245 seconds.
  path: Assets/Prefab.prefab
  artifactKey: Guid(ae6fe2f1c1dfe754dbb9303620828d57) Importer(815301076,1909f56bfc062723c751e8b465ee728b)
Start importing Assets/Prefab.prefab using Guid(ae6fe2f1c1dfe754dbb9303620828d57) Importer(815301076,1909f56bfc062723c751e8b465ee728b)  -> (artifact id: '3e1df8ff17ea6c237a29612e5b437da3') in 0.011057 seconds 
  Import took 0.013575 seconds .

========================================================================
Received Import Request.
  Time since last request: 11.296724 seconds.
  path: Assets/Prefab.prefab
  artifactKey: Guid(ae6fe2f1c1dfe754dbb9303620828d57) Importer(815301076,1909f56bfc062723c751e8b465ee728b)
Start importing Assets/Prefab.prefab using Guid(ae6fe2f1c1dfe754dbb9303620828d57) Importer(815301076,1909f56bfc062723c751e8b465ee728b)  -> (artifact id: 'dfe69b98a9d9cf6ef78615e3270015aa') in 0.012183 seconds 
  Import took 0.014769 seconds .

========================================================================
Received Import Request.
  Time since last request: 5.052014 seconds.
  path: Assets/Prefab.prefab
  artifactKey: Guid(ae6fe2f1c1dfe754dbb9303620828d57) Importer(815301076,1909f56bfc062723c751e8b465ee728b)
Start importing Assets/Prefab.prefab using Guid(ae6fe2f1c1dfe754dbb9303620828d57) Importer(815301076,1909f56bfc062723c751e8b465ee728b)  -> (artifact id: 'f971a9dbd31579ff4da2537c55870b03') in 0.012823 seconds 
  Import took 0.015442 seconds .

========================================================================
Received Import Request.
  Time since last request: 3.016396 seconds.
  path: Assets/Prefab.prefab
  artifactKey: Guid(ae6fe2f1c1dfe754dbb9303620828d57) Importer(815301076,1909f56bfc062723c751e8b465ee728b)
Start importing Assets/Prefab.prefab using Guid(ae6fe2f1c1dfe754dbb9303620828d57) Importer(815301076,1909f56bfc062723c751e8b465ee728b)  -> (artifact id: 'fb63d37833dbb357a1b6d35ad7829f72') in 0.009646 seconds 
  Import took 0.012665 seconds .

========================================================================
Received Import Request.
  Time since last request: 12.929603 seconds.
  path: Assets/Prefab.prefab
  artifactKey: Guid(ae6fe2f1c1dfe754dbb9303620828d57) Importer(815301076,1909f56bfc062723c751e8b465ee728b)
Start importing Assets/Prefab.prefab using Guid(ae6fe2f1c1dfe754dbb9303620828d57) Importer(815301076,1909f56bfc062723c751e8b465ee728b)  -> (artifact id: 'fc6648bee7b8076675e5422e0f854316') in 0.010164 seconds 
  Import took 0.012712 seconds .

========================================================================
Received Import Request.
  Time since last request: 237.418025 seconds.
  path: Assets/Prefab.prefab
  artifactKey: Guid(ae6fe2f1c1dfe754dbb9303620828d57) Importer(815301076,1909f56bfc062723c751e8b465ee728b)
Start importing Assets/Prefab.prefab using Guid(ae6fe2f1c1dfe754dbb9303620828d57) Importer(815301076,1909f56bfc062723c751e8b465ee728b)  -> (artifact id: '7abe986ebf75046ebb358ab30b790665') in 0.009387 seconds 
  Import took 0.012177 seconds .

========================================================================
Received Import Request.
  Time since last request: 1172.215608 seconds.
  path: Assets/Prefab.prefab
  artifactKey: Guid(ae6fe2f1c1dfe754dbb9303620828d57) Importer(815301076,1909f56bfc062723c751e8b465ee728b)
Start importing Assets/Prefab.prefab using Guid(ae6fe2f1c1dfe754dbb9303620828d57) Importer(815301076,1909f56bfc062723c751e8b465ee728b)  -> (artifact id: '1780ac0d30ef359af94e998c2c90e0f3') in 0.011124 seconds 
  Import took 0.014356 seconds .

========================================================================
Received Import Request.
  Time since last request: 4.251734 seconds.
  path: Assets/Prefab.prefab
  artifactKey: Guid(ae6fe2f1c1dfe754dbb9303620828d57) Importer(815301076,1909f56bfc062723c751e8b465ee728b)
Start importing Assets/Prefab.prefab using Guid(ae6fe2f1c1dfe754dbb9303620828d57) Importer(815301076,1909f56bfc062723c751e8b465ee728b)  -> (artifact id: '92720960aae47efb8ec6c5ac53aa960a') in 0.009703 seconds 
  Import took 0.013025 seconds .

========================================================================
Received Import Request.
  Time since last request: 4.647814 seconds.
  path: Assets/Prefab.prefab
  artifactKey: Guid(ae6fe2f1c1dfe754dbb9303620828d57) Importer(815301076,1909f56bfc062723c751e8b465ee728b)
Start importing Assets/Prefab.prefab using Guid(ae6fe2f1c1dfe754dbb9303620828d57) Importer(815301076,1909f56bfc062723c751e8b465ee728b)  -> (artifact id: '122a74d04e595a6609ad2fbfa8306d30') in 0.011070 seconds 
  Import took 0.013748 seconds .

========================================================================
Received Import Request.
  Time since last request: 3.816492 seconds.
  path: Assets/Prefab.prefab
  artifactKey: Guid(ae6fe2f1c1dfe754dbb9303620828d57) Importer(815301076,1909f56bfc062723c751e8b465ee728b)
Start importing Assets/Prefab.prefab using Guid(ae6fe2f1c1dfe754dbb9303620828d57) Importer(815301076,1909f56bfc062723c751e8b465ee728b)  -> (artifact id: 'a7b9f8a067e030c94f48ae08055009d1') in 0.009338 seconds 
  Import took 0.011966 seconds .

========================================================================
Received Import Request.
  Time since last request: 5.853836 seconds.
  path: Assets/Prefab.prefab
  artifactKey: Guid(ae6fe2f1c1dfe754dbb9303620828d57) Importer(815301076,1909f56bfc062723c751e8b465ee728b)
Start importing Assets/Prefab.prefab using Guid(ae6fe2f1c1dfe754dbb9303620828d57) Importer(815301076,1909f56bfc062723c751e8b465ee728b)  -> (artifact id: '21f1d268975a16be8200d6bd16c402d7') in 0.009509 seconds 
  Import took 0.013638 seconds .

========================================================================
Received Import Request.
  Time since last request: 5.640711 seconds.
  path: Assets/Prefab.prefab
  artifactKey: Guid(ae6fe2f1c1dfe754dbb9303620828d57) Importer(815301076,1909f56bfc062723c751e8b465ee728b)
Start importing Assets/Prefab.prefab using Guid(ae6fe2f1c1dfe754dbb9303620828d57) Importer(815301076,1909f56bfc062723c751e8b465ee728b)  -> (artifact id: 'bd7fd430628ae86e8fc7d110ef8410ad') in 0.010836 seconds 
  Import took 0.013564 seconds .

========================================================================
Received Import Request.
  Time since last request: 15.345248 seconds.
  path: Assets/Prefab.prefab
  artifactKey: Guid(ae6fe2f1c1dfe754dbb9303620828d57) Importer(815301076,1909f56bfc062723c751e8b465ee728b)
Start importing Assets/Prefab.prefab using Guid(ae6fe2f1c1dfe754dbb9303620828d57) Importer(815301076,1909f56bfc062723c751e8b465ee728b)  -> (artifact id: 'afda8ef0a79a3cafe7c3bb4759c29ca4') in 0.011253 seconds 
  Import took 0.013769 seconds .

========================================================================
Received Import Request.
  Time since last request: 8.265458 seconds.
  path: Assets/Prefab.prefab
  artifactKey: Guid(ae6fe2f1c1dfe754dbb9303620828d57) Importer(815301076,1909f56bfc062723c751e8b465ee728b)
Start importing Assets/Prefab.prefab using Guid(ae6fe2f1c1dfe754dbb9303620828d57) Importer(815301076,1909f56bfc062723c751e8b465ee728b)  -> (artifact id: '9939fac1085349e23684c3d35d9ef65f') in 0.010464 seconds 
  Import took 0.013191 seconds .

